Build started 2016-04-02 9:11:09 AM.
     1>Project "C:\Users\Can\Documents\Collect Myo Data\samples\emg-data-sample-VisualStudio2013.vcxproj" on node 2 (Build target(s)).
     1>C:\Program Files (x86)\MSBuild\Microsoft.Cpp\v4.0\V140\Microsoft.CppBuild.targets(392,5): warning MSB8028: The intermediate directory (x64\Debug\) contains files shared from another project (emg-data-sample-VisualStudio2012.vcxproj).  This can lead to incorrect clean and rebuild behavior.
     1>ClCompile:
         C:\Program Files (x86)\Microsoft Visual Studio 14.0\VC\bin\x86_amd64\CL.exe /c /I..\include /Zi /nologo /W3 /WX- /Od /D WIN32 /D _DEBUG /D _CONSOLE /Gm /EHsc /RTC1 /MDd /GS /fp:precise /Zc:wchar_t /Zc:forScope /Zc:inline /Fo"x64\Debug\\" /Fd"x64\Debug\vc140.pdb" /Gd /TP /errorReport:prompt "emg-data-sample.cpp"
         emg-data-sample.cpp
     1>c:\users\can\documents\collect myo data\include\myo\cxx\impl\../detail/ThrowOnError.hpp(39): warning C4297: 'myo::ThrowOnError::~ThrowOnError': function assumed not to throw an exception but does
         c:\users\can\documents\collect myo data\include\myo\cxx\impl\../detail/ThrowOnError.hpp(39): note: destructor or deallocator has a (possibly implicit) non-throwing exception specification
     1>c:\users\can\documents\collect myo data\include\myo\cxx\impl\../detail/ThrowOnError.hpp(45): warning C4297: 'myo::ThrowOnError::~ThrowOnError': function assumed not to throw an exception but does
         c:\users\can\documents\collect myo data\include\myo\cxx\impl\../detail/ThrowOnError.hpp(45): note: destructor or deallocator has a (possibly implicit) non-throwing exception specification
       Link:
         C:\Program Files (x86)\Microsoft Visual Studio 14.0\VC\bin\x86_amd64\link.exe /ERRORREPORT:PROMPT /OUT:"C:\Users\Can\Documents\Collect Myo Data\samples\x64\Debug\emg-data-sample-VisualStudio2013.exe" /INCREMENTAL /NOLOGO /LIBPATH:..\lib myo64.lib /MANIFEST /MANIFESTUAC:"level='asInvoker' uiAccess='false'" /manifest:embed /Debug /PDB:"C:\Users\Can\Documents\Collect Myo Data\samples\x64\Debug\emg-data-sample-VisualStudio2013.pdb" /SUBSYSTEM:CONSOLE /TLBID:1 /DYNAMICBASE /NXCOMPAT /IMPLIB:"C:\Users\Can\Documents\Collect Myo Data\samples\x64\Debug\emg-data-sample-VisualStudio2013.lib" /MACHINE:X64 "x64\Debug\emg-data-sample.obj"
         emg-data-sample-VisualStudio2013.vcxproj -> C:\Users\Can\Documents\Collect Myo Data\samples\x64\Debug\emg-data-sample-VisualStudio2013.exe
       PostBuildEvent:
         COPY "..\bin\myo64.dll" "C:\Users\Can\Documents\Collect Myo Data\samples\x64\Debug\"
               
         :VCEnd
                 1 file(s) copied.
     1>Done Building Project "C:\Users\Can\Documents\Collect Myo Data\samples\emg-data-sample-VisualStudio2013.vcxproj" (Build target(s)).

Build succeeded.

Time Elapsed 00:00:03.73
